# JRE version: OpenJDK Runtime Environment (17.0.6) (build 17.0.6+0-b2043.56-9586694)
# Java VM: OpenJDK 64-Bit Server VM (17.0.6+0-b2043.56-9586694, mixed mode, tiered, compressed oops, compressed class ptrs, g1 gc, windows-amd64)
GC Precious Log:
 CPUs: 4 total, 4 available
 Memory: 8066M
 Large Page Support: Disabled
 NUMA Support: Disabled
 Compressed Oops: Enabled (32-bit)
 Heap Region Size: 1M
 Heap Min Capacity: 8M
 Heap Initial Capacity: 128M
 Heap Max Capacity: 2G
 Pre-touch: Disabled
 Parallel Workers: 4
 Concurrent Workers: 1
 Concurrent Refinement Workers: 4
 Periodic GC: Disabled
Heap:
 garbage-first heap   total 155648K, used 93942K [0x0000000080000000, 0x0000000100000000)
  region size 1024K, 1 young (1024K), 1 survivors (1024K)
 Metaspace       used 50753K, committed 51264K, reserved 1097728K
  class space    used 6715K, committed 6912K, reserved 1048576K
GC Heap History (20 events):
Event: 2.863 GC heap after
{Heap after GC invocations=9 (full 0):
 garbage-first heap   total 105472K, used 47614K [0x0000000080000000, 0x0000000100000000)
  region size 1024K, 1 young (1024K), 1 survivors (1024K)
 Metaspace       used 29273K, committed 29696K, reserved 1081344K
  class space    used 3967K, committed 4160K, reserved 1048576K
}
Event: 3.317 GC heap before
{Heap before GC invocations=10 (full 0):
 garbage-first heap   total 105472K, used 84478K [0x0000000080000000, 0x0000000100000000)
  region size 1024K, 31 young (31744K), 1 survivors (1024K)
 Metaspace       used 33111K, committed 33472K, reserved 1081344K
  class space    used 4592K, committed 4736K, reserved 1048576K
}
Event: 3.320 GC heap after
{Heap after GC invocations=11 (full 0):
 garbage-first heap   total 105472K, used 57242K [0x0000000080000000, 0x0000000100000000)
  region size 1024K, 3 young (3072K), 3 survivors (3072K)
 Metaspace       used 33111K, committed 33472K, reserved 1081344K
  class space    used 4592K, committed 4736K, reserved 1048576K
}
Event: 3.751 GC heap before
{Heap before GC invocations=11 (full 0):
 garbage-first heap   total 105472K, used 81818K [0x0000000080000000, 0x0000000100000000)
  region size 1024K, 27 young (27648K), 3 survivors (3072K)
 Metaspace       used 39419K, committed 39808K, reserved 1089536K
  class space    used 5325K, committed 5504K, reserved 1048576K
}
Event: 3.754 GC heap after
{Heap after GC invocations=12 (full 0):
 garbage-first heap   total 105472K, used 59845K [0x0000000080000000, 0x0000000100000000)
  region size 1024K, 3 young (3072K), 3 survivors (3072K)
 Metaspace       used 39419K, committed 39808K, reserved 1089536K
  class space    used 5325K, committed 5504K, reserved 1048576K
}
Event: 4.018 GC heap before
{Heap before GC invocations=13 (full 0):
 garbage-first heap   total 105472K, used 82373K [0x0000000080000000, 0x0000000100000000)
  region size 1024K, 26 young (26624K), 3 survivors (3072K)
 Metaspace       used 41613K, committed 41984K, reserved 1089536K
  class space    used 5567K, committed 5760K, reserved 1048576K
}
Event: 4.023 GC heap after
{Heap after GC invocations=14 (full 0):
 garbage-first heap   total 105472K, used 63351K [0x0000000080000000, 0x0000000100000000)
  region size 1024K, 4 young (4096K), 4 survivors (4096K)
 Metaspace       used 41613K, committed 41984K, reserved 1089536K
  class space    used 5567K, committed 5760K, reserved 1048576K
}
Event: 4.111 GC heap before
{Heap before GC invocations=14 (full 0):
 garbage-first heap   total 105472K, used 71543K [0x0000000080000000, 0x0000000100000000)
  region size 1024K, 14 young (14336K), 4 survivors (4096K)
 Metaspace       used 42081K, committed 42496K, reserved 1089536K
  class space    used 5613K, committed 5824K, reserved 1048576K
}
Event: 4.114 GC heap after
{Heap after GC invocations=15 (full 0):
 garbage-first heap   total 105472K, used 63641K [0x0000000080000000, 0x0000000100000000)
  region size 1024K, 2 young (2048K), 2 survivors (2048K)
 Metaspace       used 42081K, committed 42496K, reserved 1089536K
  class space    used 5613K, committed 5824K, reserved 1048576K
}
Event: 4.593 GC heap before
{Heap before GC invocations=16 (full 0):
 garbage-first heap   total 114688K, used 87193K [0x0000000080000000, 0x0000000100000000)
  region size 1024K, 23 young (23552K), 2 survivors (2048K)
 Metaspace       used 45726K, committed 46144K, reserved 1089536K
  class space    used 6050K, committed 6208K, reserved 1048576K
}
Event: 4.597 GC heap after
{Heap after GC invocations=17 (full 0):
 garbage-first heap   total 114688K, used 64441K [0x0000000080000000, 0x0000000100000000)
  region size 1024K, 2 young (2048K), 2 survivors (2048K)
 Metaspace       used 45726K, committed 46144K, reserved 1089536K
  class space    used 6050K, committed 6208K, reserved 1048576K
}
Event: 4.810 GC heap before
{Heap before GC invocations=17 (full 0):
 garbage-first heap   total 114688K, used 72633K [0x0000000080000000, 0x0000000100000000)
  region size 1024K, 12 young (12288K), 2 survivors (2048K)
 Metaspace       used 46529K, committed 46976K, reserved 1089536K
  class space    used 6181K, committed 6400K, reserved 1048576K
}
Event: 4.815 GC heap after
{Heap after GC invocations=18 (full 0):
 garbage-first heap   total 114688K, used 65924K [0x0000000080000000, 0x0000000100000000)
  region size 1024K, 3 young (3072K), 3 survivors (3072K)
 Metaspace       used 46529K, committed 46976K, reserved 1089536K
  class space    used 6181K, committed 6400K, reserved 1048576K
}
Event: 4.871 GC heap before
{Heap before GC invocations=19 (full 0):
 garbage-first heap   total 135168K, used 82308K [0x0000000080000000, 0x0000000100000000)
  region size 1024K, 4 young (4096K), 3 survivors (3072K)
 Metaspace       used 46529K, committed 46976K, reserved 1089536K
  class space    used 6181K, committed 6400K, reserved 1048576K
}
Event: 4.875 GC heap after
{Heap after GC invocations=20 (full 0):
 garbage-first heap   total 135168K, used 82861K [0x0000000080000000, 0x0000000100000000)
  region size 1024K, 3 young (3072K), 3 survivors (3072K)
 Metaspace       used 46529K, committed 46976K, reserved 1089536K
  class space    used 6181K, committed 6400K, reserved 1048576K
}
Event: 5.126 GC heap before
{Heap before GC invocations=21 (full 0):
 garbage-first heap   total 153600K, used 104365K [0x0000000080000000, 0x0000000100000000)
  region size 1024K, 21 young (21504K), 3 survivors (3072K)
 Metaspace       used 47839K, committed 48256K, reserved 1097728K
  class space    used 6345K, committed 6528K, reserved 1048576K
}
Event: 5.135 GC heap after
{Heap after GC invocations=22 (full 0):
 garbage-first heap   total 153600K, used 91103K [0x0000000080000000, 0x0000000100000000)
  region size 1024K, 3 young (3072K), 3 survivors (3072K)
 Metaspace       used 47839K, committed 48256K, reserved 1097728K
  class space    used 6345K, committed 6528K, reserved 1048576K
}
Event: 5.512 GC heap before
{Heap before GC invocations=23 (full 0):
 garbage-first heap   total 155648K, used 118751K [0x0000000080000000, 0x0000000100000000)
  region size 1024K, 29 young (29696K), 3 survivors (3072K)
 Metaspace       used 50046K, committed 50496K, reserved 1097728K
  class space    used 6593K, committed 6784K, reserved 1048576K
}
Event: 5.518 GC heap after
{Heap after GC invocations=24 (full 0):
 garbage-first heap   total 155648K, used 93485K [0x0000000080000000, 0x0000000100000000)
  region size 1024K, 3 young (3072K), 3 survivors (3072K)
 Metaspace       used 50046K, committed 50496K, reserved 1097728K
  class space    used 6593K, committed 6784K, reserved 1048576K
}
Event: 5.601 GC heap before
{Heap before GC invocations=24 (full 0):
 garbage-first heap   total 155648K, used 99629K [0x0000000080000000, 0x0000000100000000)
  region size 1024K, 10 young (10240K), 3 survivors (3072K)
 Metaspace       used 50753K, committed 51264K, reserved 1097728K
  class space    used 6715K, committed 6912K, reserved 1048576K
}

