# JRE version: OpenJDK Runtime Environment (17.0.6) (build 17.0.6+0-b2043.56-9586694)
# Java VM: OpenJDK 64-Bit Server VM (17.0.6+0-b2043.56-9586694, mixed mode, tiered, compressed oops, compressed class ptrs, g1 gc, windows-amd64)
GC Precious Log:
 CPUs: 4 total, 4 available
 Memory: 8066M
 Large Page Support: Disabled
 NUMA Support: Disabled
 Compressed Oops: Enabled (32-bit)
 Heap Region Size: 1M
 Heap Min Capacity: 8M
 Heap Initial Capacity: 128M
 Heap Max Capacity: 2G
 Pre-touch: Disabled
 Parallel Workers: 4
 Concurrent Workers: 1
 Concurrent Refinement Workers: 4
 Periodic GC: Disabled
Heap:
 garbage-first heap   total 278528K, used 171785K [0x0000000080000000, 0x0000000100000000)
  region size 1024K, 11 young (11264K), 8 survivors (8192K)
 Metaspace       used 82814K, committed 83584K, reserved 1122304K
  class space    used 11214K, committed 11584K, reserved 1048576K
GC Heap History (20 events):
Event: 7.301 GC heap before
{Heap before GC invocations=26 (full 0):
 garbage-first heap   total 200704K, used 152493K [0x0000000080000000, 0x0000000100000000)
  region size 1024K, 54 young (55296K), 1 survivors (1024K)
 Metaspace       used 54199K, committed 54784K, reserved 1097728K
  class space    used 7224K, committed 7488K, reserved 1048576K
}
Event: 7.305 GC heap after
{Heap after GC invocations=27 (full 0):
 garbage-first heap   total 200704K, used 102393K [0x0000000080000000, 0x0000000100000000)
  region size 1024K, 4 young (4096K), 4 survivors (4096K)
 Metaspace       used 54199K, committed 54784K, reserved 1097728K
  class space    used 7224K, committed 7488K, reserved 1048576K
}
Event: 7.342 GC heap before
{Heap before GC invocations=27 (full 0):
 garbage-first heap   total 200704K, used 104441K [0x0000000080000000, 0x0000000100000000)
  region size 1024K, 7 young (7168K), 4 survivors (4096K)
 Metaspace       used 54411K, committed 54976K, reserved 1097728K
  class space    used 7263K, committed 7488K, reserved 1048576K
}
Event: 7.346 GC heap after
{Heap after GC invocations=28 (full 0):
 garbage-first heap   total 200704K, used 102692K [0x0000000080000000, 0x0000000100000000)
  region size 1024K, 4 young (4096K), 4 survivors (4096K)
 Metaspace       used 54411K, committed 54976K, reserved 1097728K
  class space    used 7263K, committed 7488K, reserved 1048576K
}
Event: 8.047 GC heap before
{Heap before GC invocations=29 (full 0):
 garbage-first heap   total 200704K, used 160036K [0x0000000080000000, 0x0000000100000000)
  region size 1024K, 57 young (58368K), 4 survivors (4096K)
 Metaspace       used 61108K, committed 61696K, reserved 1105920K
  class space    used 8135K, committed 8384K, reserved 1048576K
}
Event: 8.054 GC heap after
{Heap after GC invocations=30 (full 0):
 garbage-first heap   total 200704K, used 111731K [0x0000000080000000, 0x0000000100000000)
  region size 1024K, 8 young (8192K), 8 survivors (8192K)
 Metaspace       used 61108K, committed 61696K, reserved 1105920K
  class space    used 8135K, committed 8384K, reserved 1048576K
}
Event: 8.401 GC heap before
{Heap before GC invocations=30 (full 0):
 garbage-first heap   total 200704K, used 129139K [0x0000000080000000, 0x0000000100000000)
  region size 1024K, 26 young (26624K), 8 survivors (8192K)
 Metaspace       used 64938K, committed 65600K, reserved 1105920K
  class space    used 8637K, committed 8960K, reserved 1048576K
}
Event: 8.407 GC heap after
{Heap after GC invocations=31 (full 0):
 garbage-first heap   total 200704K, used 114293K [0x0000000080000000, 0x0000000100000000)
  region size 1024K, 3 young (3072K), 3 survivors (3072K)
 Metaspace       used 64938K, committed 65600K, reserved 1105920K
  class space    used 8637K, committed 8960K, reserved 1048576K
}
Event: 9.004 GC heap before
{Heap before GC invocations=32 (full 0):
 garbage-first heap   total 222208K, used 169589K [0x0000000080000000, 0x0000000100000000)
  region size 1024K, 51 young (52224K), 3 survivors (3072K)
 Metaspace       used 68439K, committed 69120K, reserved 1114112K
  class space    used 9083K, committed 9408K, reserved 1048576K
}
Event: 9.013 GC heap after
{Heap after GC invocations=33 (full 0):
 garbage-first heap   total 222208K, used 118016K [0x0000000080000000, 0x0000000100000000)
  region size 1024K, 7 young (7168K), 7 survivors (7168K)
 Metaspace       used 68439K, committed 69120K, reserved 1114112K
  class space    used 9083K, committed 9408K, reserved 1048576K
}
Event: 9.038 GC heap before
{Heap before GC invocations=33 (full 0):
 garbage-first heap   total 222208K, used 119040K [0x0000000080000000, 0x0000000100000000)
  region size 1024K, 9 young (9216K), 7 survivors (7168K)
 Metaspace       used 68564K, committed 69248K, reserved 1114112K
  class space    used 9093K, committed 9408K, reserved 1048576K
}
Event: 9.044 GC heap after
{Heap after GC invocations=34 (full 0):
 garbage-first heap   total 222208K, used 119191K [0x0000000080000000, 0x0000000100000000)
  region size 1024K, 2 young (2048K), 2 survivors (2048K)
 Metaspace       used 68564K, committed 69248K, reserved 1114112K
  class space    used 9093K, committed 9408K, reserved 1048576K
}
Event: 9.475 GC heap before
{Heap before GC invocations=35 (full 0):
 garbage-first heap   total 222208K, used 174487K [0x0000000080000000, 0x0000000100000000)
  region size 1024K, 55 young (56320K), 2 survivors (2048K)
 Metaspace       used 70085K, committed 70784K, reserved 1114112K
  class space    used 9320K, committed 9664K, reserved 1048576K
}
Event: 9.481 GC heap after
{Heap after GC invocations=36 (full 0):
 garbage-first heap   total 222208K, used 122411K [0x0000000080000000, 0x0000000100000000)
  region size 1024K, 5 young (5120K), 5 survivors (5120K)
 Metaspace       used 70085K, committed 70784K, reserved 1114112K
  class space    used 9320K, committed 9664K, reserved 1048576K
}
Event: 10.200 GC heap before
{Heap before GC invocations=36 (full 0):
 garbage-first heap   total 222208K, used 176683K [0x0000000080000000, 0x0000000100000000)
  region size 1024K, 58 young (59392K), 5 survivors (5120K)
 Metaspace       used 76012K, committed 76736K, reserved 1122304K
  class space    used 10349K, committed 10688K, reserved 1048576K
}
Event: 10.209 GC heap after
{Heap after GC invocations=37 (full 0):
 garbage-first heap   total 222208K, used 126205K [0x0000000080000000, 0x0000000100000000)
  region size 1024K, 4 young (4096K), 4 survivors (4096K)
 Metaspace       used 76012K, committed 76736K, reserved 1122304K
  class space    used 10349K, committed 10688K, reserved 1048576K
}
Event: 10.594 GC heap before
{Heap before GC invocations=38 (full 0):
 garbage-first heap   total 235520K, used 165117K [0x0000000080000000, 0x0000000100000000)
  region size 1024K, 43 young (44032K), 4 survivors (4096K)
 Metaspace       used 78027K, committed 78720K, reserved 1122304K
  class space    used 10638K, committed 10944K, reserved 1048576K
}
Event: 10.603 GC heap after
{Heap after GC invocations=39 (full 0):
 garbage-first heap   total 235520K, used 130584K [0x0000000080000000, 0x0000000100000000)
  region size 1024K, 7 young (7168K), 7 survivors (7168K)
 Metaspace       used 78027K, committed 78720K, reserved 1122304K
  class space    used 10638K, committed 10944K, reserved 1048576K
}
Event: 11.289 GC heap before
{Heap before GC invocations=40 (full 0):
 garbage-first heap   total 278528K, used 206360K [0x0000000080000000, 0x0000000100000000)
  region size 1024K, 54 young (55296K), 7 survivors (7168K)
 Metaspace       used 81891K, committed 82624K, reserved 1122304K
  class space    used 11185K, committed 11520K, reserved 1048576K
}
Event: 11.297 GC heap after
{Heap after GC invocations=41 (full 0):
 garbage-first heap   total 278528K, used 168713K [0x0000000080000000, 0x0000000100000000)
  region size 1024K, 8 young (8192K), 8 survivors (8192K)
 Metaspace       used 81891K, committed 82624K, reserved 1122304K
  class space    used 11185K, committed 11520K, reserved 1048576K
}

