# JRE version: OpenJDK Runtime Environment (17.0.6) (build 17.0.6+0-b2043.56-9586694)
# Java VM: OpenJDK 64-Bit Server VM (17.0.6+0-b2043.56-9586694, mixed mode, tiered, compressed oops, compressed class ptrs, g1 gc, windows-amd64)
GC Precious Log:
 CPUs: 4 total, 4 available
 Memory: 8066M
 Large Page Support: Disabled
 NUMA Support: Disabled
 Compressed Oops: Enabled (32-bit)
 Heap Region Size: 1M
 Heap Min Capacity: 8M
 Heap Initial Capacity: 128M
 Heap Max Capacity: 2G
 Pre-touch: Disabled
 Parallel Workers: 4
 Concurrent Workers: 1
 Concurrent Refinement Workers: 4
 Periodic GC: Disabled
Heap:
 garbage-first heap   total 302080K, used 201119K [0x0000000080000000, 0x0000000100000000)
  region size 1024K, 25 young (25600K), 2 survivors (2048K)
 Metaspace       used 101859K, committed 102720K, reserved 1138688K
  class space    used 13873K, committed 14272K, reserved 1048576K
GC Heap History (20 events):
Event: 96.079 GC heap before
{Heap before GC invocations=59 (full 0):
 garbage-first heap   total 219136K, used 137277K [0x0000000080000000, 0x0000000100000000)
  region size 1024K, 10 young (10240K), 5 survivors (5120K)
 Metaspace       used 81275K, committed 81984K, reserved 1122304K
  class space    used 10811K, committed 11136K, reserved 1048576K
}
Event: 96.083 GC heap after
{Heap after GC invocations=60 (full 0):
 garbage-first heap   total 219136K, used 131610K [0x0000000080000000, 0x0000000100000000)
  region size 1024K, 1 young (1024K), 1 survivors (1024K)
 Metaspace       used 81275K, committed 81984K, reserved 1122304K
  class space    used 10811K, committed 11136K, reserved 1048576K
}
Event: 100.520 GC heap before
{Heap before GC invocations=60 (full 0):
 garbage-first heap   total 219136K, used 173594K [0x0000000080000000, 0x0000000100000000)
  region size 1024K, 42 young (43008K), 1 survivors (1024K)
 Metaspace       used 83509K, committed 84224K, reserved 1122304K
  class space    used 11141K, committed 11456K, reserved 1048576K
}
Event: 100.527 GC heap after
{Heap after GC invocations=61 (full 0):
 garbage-first heap   total 219136K, used 134172K [0x0000000080000000, 0x0000000100000000)
  region size 1024K, 4 young (4096K), 4 survivors (4096K)
 Metaspace       used 83509K, committed 84224K, reserved 1122304K
  class space    used 11141K, committed 11456K, reserved 1048576K
}
Event: 105.338 GC heap before
{Heap before GC invocations=62 (full 0):
 garbage-first heap   total 227328K, used 175132K [0x0000000080000000, 0x0000000100000000)
  region size 1024K, 44 young (45056K), 4 survivors (4096K)
 Metaspace       used 87663K, committed 88448K, reserved 1130496K
  class space    used 11894K, committed 12224K, reserved 1048576K
}
Event: 105.344 GC heap after
{Heap after GC invocations=63 (full 0):
 garbage-first heap   total 227328K, used 137008K [0x0000000080000000, 0x0000000100000000)
  region size 1024K, 6 young (6144K), 6 survivors (6144K)
 Metaspace       used 87663K, committed 88448K, reserved 1130496K
  class space    used 11894K, committed 12224K, reserved 1048576K
}
Event: 105.571 GC heap before
{Heap before GC invocations=63 (full 0):
 garbage-first heap   total 227328K, used 142128K [0x0000000080000000, 0x0000000100000000)
  region size 1024K, 11 young (11264K), 6 survivors (6144K)
 Metaspace       used 87737K, committed 88448K, reserved 1130496K
  class space    used 11907K, committed 12224K, reserved 1048576K
}
Event: 105.576 GC heap after
{Heap after GC invocations=64 (full 0):
 garbage-first heap   total 227328K, used 137016K [0x0000000080000000, 0x0000000100000000)
  region size 1024K, 1 young (1024K), 1 survivors (1024K)
 Metaspace       used 87737K, committed 88448K, reserved 1130496K
  class space    used 11907K, committed 12224K, reserved 1048576K
}
Event: 109.388 GC heap before
{Heap before GC invocations=64 (full 0):
 garbage-first heap   total 227328K, used 168760K [0x0000000080000000, 0x0000000100000000)
  region size 1024K, 33 young (33792K), 1 survivors (1024K)
 Metaspace       used 89642K, committed 90368K, reserved 1130496K
  class space    used 12177K, committed 12480K, reserved 1048576K
}
Event: 109.396 GC heap after
{Heap after GC invocations=65 (full 0):
 garbage-first heap   total 227328K, used 140552K [0x0000000080000000, 0x0000000100000000)
  region size 1024K, 5 young (5120K), 5 survivors (5120K)
 Metaspace       used 89642K, committed 90368K, reserved 1130496K
  class space    used 12177K, committed 12480K, reserved 1048576K
}
Event: 115.537 GC heap before
{Heap before GC invocations=66 (full 0):
 garbage-first heap   total 240640K, used 212232K [0x0000000080000000, 0x0000000100000000)
  region size 1024K, 47 young (48128K), 5 survivors (5120K)
 Metaspace       used 93059K, committed 93888K, reserved 1130496K
  class space    used 12688K, committed 13056K, reserved 1048576K
}
Event: 115.544 GC heap after
{Heap after GC invocations=67 (full 0):
 garbage-first heap   total 240640K, used 177098K [0x0000000080000000, 0x0000000100000000)
  region size 1024K, 6 young (6144K), 6 survivors (6144K)
 Metaspace       used 93059K, committed 93888K, reserved 1130496K
  class space    used 12688K, committed 13056K, reserved 1048576K
}
Event: 115.862 GC heap before
{Heap before GC invocations=67 (full 0):
 garbage-first heap   total 240640K, used 181194K [0x0000000080000000, 0x0000000100000000)
  region size 1024K, 11 young (11264K), 6 survivors (6144K)
 Metaspace       used 93484K, committed 94272K, reserved 1130496K
  class space    used 12726K, committed 13120K, reserved 1048576K
}
Event: 115.869 GC heap after
{Heap after GC invocations=68 (full 0):
 garbage-first heap   total 240640K, used 178031K [0x0000000080000000, 0x0000000100000000)
  region size 1024K, 1 young (1024K), 1 survivors (1024K)
 Metaspace       used 93484K, committed 94272K, reserved 1130496K
  class space    used 12726K, committed 13120K, reserved 1048576K
}
Event: 115.869 GC heap before
{Heap before GC invocations=68 (full 0):
 garbage-first heap   total 240640K, used 178031K [0x0000000080000000, 0x0000000100000000)
  region size 1024K, 2 young (2048K), 1 survivors (1024K)
 Metaspace       used 93484K, committed 94272K, reserved 1130496K
  class space    used 12726K, committed 13120K, reserved 1048576K
}
Event: 115.872 GC heap after
{Heap after GC invocations=69 (full 0):
 garbage-first heap   total 240640K, used 178063K [0x0000000080000000, 0x0000000100000000)
  region size 1024K, 1 young (1024K), 1 survivors (1024K)
 Metaspace       used 93484K, committed 94272K, reserved 1130496K
  class space    used 12726K, committed 13120K, reserved 1048576K
}
Event: 118.039 GC heap before
{Heap before GC invocations=70 (full 0):
 garbage-first heap   total 302080K, used 199567K [0x0000000080000000, 0x0000000100000000)
  region size 1024K, 21 young (21504K), 1 survivors (1024K)
 Metaspace       used 97258K, committed 98112K, reserved 1138688K
  class space    used 13189K, committed 13568K, reserved 1048576K
}
Event: 118.045 GC heap after
{Heap after GC invocations=71 (full 0):
 garbage-first heap   total 302080K, used 178208K [0x0000000080000000, 0x0000000100000000)
  region size 1024K, 1 young (1024K), 1 survivors (1024K)
 Metaspace       used 97258K, committed 98112K, reserved 1138688K
  class space    used 13189K, committed 13568K, reserved 1048576K
}
Event: 118.897 GC heap before
{Heap before GC invocations=71 (full 0):
 garbage-first heap   total 302080K, used 190496K [0x0000000080000000, 0x0000000100000000)
  region size 1024K, 14 young (14336K), 1 survivors (1024K)
 Metaspace       used 99739K, committed 100544K, reserved 1138688K
  class space    used 13520K, committed 13888K, reserved 1048576K
}
Event: 118.901 GC heap after
{Heap after GC invocations=72 (full 0):
 garbage-first heap   total 302080K, used 178591K [0x0000000080000000, 0x0000000100000000)
  region size 1024K, 2 young (2048K), 2 survivors (2048K)
 Metaspace       used 99739K, committed 100544K, reserved 1138688K
  class space    used 13520K, committed 13888K, reserved 1048576K
}

