# JRE version: OpenJDK Runtime Environment (17.0.6) (build 17.0.6+0-b2043.56-9586694)
# Java VM: OpenJDK 64-Bit Server VM (17.0.6+0-b2043.56-9586694, mixed mode, tiered, compressed oops, compressed class ptrs, g1 gc, windows-amd64)
GC Precious Log:
 CPUs: 4 total, 4 available
 Memory: 8066M
 Large Page Support: Disabled
 NUMA Support: Disabled
 Compressed Oops: Enabled (32-bit)
 Heap Region Size: 1M
 Heap Min Capacity: 8M
 Heap Initial Capacity: 128M
 Heap Max Capacity: 2G
 Pre-touch: Disabled
 Parallel Workers: 4
 Concurrent Workers: 1
 Concurrent Refinement Workers: 4
 Periodic GC: Disabled
Heap:
 garbage-first heap   total 408576K, used 264641K [0x0000000080000000, 0x0000000100000000)
  region size 1024K, 53 young (54272K), 11 survivors (11264K)
 Metaspace       used 110245K, committed 111232K, reserved 1146880K
  class space    used 14663K, committed 15104K, reserved 1048576K
GC Heap History (20 events):
Event: 34.102 GC heap before
{Heap before GC invocations=53 (full 0):
 garbage-first heap   total 316416K, used 239421K [0x0000000080000000, 0x0000000100000000)
  region size 1024K, 62 young (63488K), 8 survivors (8192K)
 Metaspace       used 102885K, committed 103744K, reserved 1146880K
  class space    used 13775K, committed 14144K, reserved 1048576K
}
Event: 34.110 GC heap after
{Heap after GC invocations=54 (full 0):
 garbage-first heap   total 316416K, used 188998K [0x0000000080000000, 0x0000000100000000)
  region size 1024K, 4 young (4096K), 4 survivors (4096K)
 Metaspace       used 102885K, committed 103744K, reserved 1146880K
  class space    used 13775K, committed 14144K, reserved 1048576K
}
Event: 34.692 GC heap before
{Heap before GC invocations=54 (full 0):
 garbage-first heap   total 316416K, used 200262K [0x0000000080000000, 0x0000000100000000)
  region size 1024K, 15 young (15360K), 4 survivors (4096K)
 Metaspace       used 103160K, committed 104000K, reserved 1146880K
  class space    used 13811K, committed 14208K, reserved 1048576K
}
Event: 34.697 GC heap after
{Heap after GC invocations=55 (full 0):
 garbage-first heap   total 316416K, used 190742K [0x0000000080000000, 0x0000000100000000)
  region size 1024K, 2 young (2048K), 2 survivors (2048K)
 Metaspace       used 103160K, committed 104000K, reserved 1146880K
  class space    used 13811K, committed 14208K, reserved 1048576K
}
Event: 36.689 GC heap before
{Heap before GC invocations=55 (full 0):
 garbage-first heap   total 316416K, used 258326K [0x0000000080000000, 0x0000000100000000)
  region size 1024K, 68 young (69632K), 2 survivors (2048K)
 Metaspace       used 104461K, committed 105344K, reserved 1146880K
  class space    used 13958K, committed 14336K, reserved 1048576K
}
Event: 36.697 GC heap after
{Heap after GC invocations=56 (full 0):
 garbage-first heap   total 316416K, used 194183K [0x0000000080000000, 0x0000000100000000)
  region size 1024K, 6 young (6144K), 6 survivors (6144K)
 Metaspace       used 104461K, committed 105344K, reserved 1146880K
  class space    used 13958K, committed 14336K, reserved 1048576K
}
Event: 96.537 GC heap before
{Heap before GC invocations=57 (full 0):
 garbage-first heap   total 329728K, used 259719K [0x0000000080000000, 0x0000000100000000)
  region size 1024K, 70 young (71680K), 6 survivors (6144K)
 Metaspace       used 106695K, committed 107712K, reserved 1146880K
  class space    used 14248K, committed 14720K, reserved 1048576K
}
Event: 96.547 GC heap after
{Heap after GC invocations=58 (full 0):
 garbage-first heap   total 329728K, used 199031K [0x0000000080000000, 0x0000000100000000)
  region size 1024K, 9 young (9216K), 9 survivors (9216K)
 Metaspace       used 106695K, committed 107712K, reserved 1146880K
  class space    used 14248K, committed 14720K, reserved 1048576K
}
Event: 96.920 GC heap before
{Heap before GC invocations=58 (full 0):
 garbage-first heap   total 329728K, used 206199K [0x0000000080000000, 0x0000000100000000)
  region size 1024K, 16 young (16384K), 9 survivors (9216K)
 Metaspace       used 106892K, committed 107840K, reserved 1146880K
  class space    used 14264K, committed 14720K, reserved 1048576K
}
Event: 96.930 GC heap after
{Heap after GC invocations=59 (full 0):
 garbage-first heap   total 329728K, used 200704K [0x0000000080000000, 0x0000000100000000)
  region size 1024K, 2 young (2048K), 2 survivors (2048K)
 Metaspace       used 106892K, committed 107840K, reserved 1146880K
  class space    used 14264K, committed 14720K, reserved 1048576K
}
Event: 106.798 GC heap before
{Heap before GC invocations=59 (full 0):
 garbage-first heap   total 329728K, used 271360K [0x0000000080000000, 0x0000000100000000)
  region size 1024K, 72 young (73728K), 2 survivors (2048K)
 Metaspace       used 107289K, committed 108224K, reserved 1146880K
  class space    used 14278K, committed 14720K, reserved 1048576K
}
Event: 106.812 GC heap after
{Heap after GC invocations=60 (full 0):
 garbage-first heap   total 329728K, used 209920K [0x0000000080000000, 0x0000000100000000)
  region size 1024K, 9 young (9216K), 9 survivors (9216K)
 Metaspace       used 107289K, committed 108224K, reserved 1146880K
  class space    used 14278K, committed 14720K, reserved 1048576K
}
Event: 718.699 GC heap before
{Heap before GC invocations=61 (full 0):
 garbage-first heap   total 363520K, used 272384K [0x0000000080000000, 0x0000000100000000)
  region size 1024K, 70 young (71680K), 9 survivors (9216K)
 Metaspace       used 107588K, committed 108544K, reserved 1146880K
  class space    used 14289K, committed 14720K, reserved 1048576K
}
Event: 719.111 GC heap after
{Heap after GC invocations=62 (full 0):
 garbage-first heap   total 363520K, used 214724K [0x0000000080000000, 0x0000000100000000)
  region size 1024K, 5 young (5120K), 5 survivors (5120K)
 Metaspace       used 107588K, committed 108544K, reserved 1146880K
  class space    used 14289K, committed 14720K, reserved 1048576K
}
Event: 722.942 GC heap before
{Heap before GC invocations=62 (full 0):
 garbage-first heap   total 363520K, used 227012K [0x0000000080000000, 0x0000000100000000)
  region size 1024K, 17 young (17408K), 5 survivors (5120K)
 Metaspace       used 107731K, committed 108736K, reserved 1146880K
  class space    used 14308K, committed 14784K, reserved 1048576K
}
Event: 722.950 GC heap after
{Heap after GC invocations=63 (full 0):
 garbage-first heap   total 363520K, used 213290K [0x0000000080000000, 0x0000000100000000)
  region size 1024K, 1 young (1024K), 1 survivors (1024K)
 Metaspace       used 107731K, committed 108736K, reserved 1146880K
  class space    used 14308K, committed 14784K, reserved 1048576K
}
Event: 728.226 GC heap before
{Heap before GC invocations=63 (full 0):
 garbage-first heap   total 363520K, used 229674K [0x0000000080000000, 0x0000000100000000)
  region size 1024K, 17 young (17408K), 1 survivors (1024K)
 Metaspace       used 108291K, committed 109248K, reserved 1146880K
  class space    used 14379K, committed 14848K, reserved 1048576K
}
Event: 728.320 GC heap after
{Heap after GC invocations=64 (full 0):
 garbage-first heap   total 363520K, used 213420K [0x0000000080000000, 0x0000000100000000)
  region size 1024K, 3 young (3072K), 3 survivors (3072K)
 Metaspace       used 108291K, committed 109248K, reserved 1146880K
  class space    used 14379K, committed 14848K, reserved 1048576K
}
Event: 751.380 GC heap before
{Heap before GC invocations=64 (full 0):
 garbage-first heap   total 363520K, used 294316K [0x0000000080000000, 0x0000000100000000)
  region size 1024K, 82 young (83968K), 3 survivors (3072K)
 Metaspace       used 110066K, committed 111104K, reserved 1146880K
  class space    used 14639K, committed 15104K, reserved 1048576K
}
Event: 751.450 GC heap after
{Heap after GC invocations=65 (full 0):
 garbage-first heap   total 363520K, used 225729K [0x0000000080000000, 0x0000000100000000)
  region size 1024K, 11 young (11264K), 11 survivors (11264K)
 Metaspace       used 110066K, committed 111104K, reserved 1146880K
  class space    used 14639K, committed 15104K, reserved 1048576K
}

