# JRE version: OpenJDK Runtime Environment (17.0.6) (build 17.0.6+0-b2043.56-9586694)
# Java VM: OpenJDK 64-Bit Server VM (17.0.6+0-b2043.56-9586694, mixed mode, tiered, compressed oops, compressed class ptrs, g1 gc, windows-amd64)
GC Precious Log:
 CPUs: 4 total, 4 available
 Memory: 8066M
 Large Page Support: Disabled
 NUMA Support: Disabled
 Compressed Oops: Enabled (32-bit)
 Heap Region Size: 1M
 Heap Min Capacity: 8M
 Heap Initial Capacity: 128M
 Heap Max Capacity: 2G
 Pre-touch: Disabled
 Parallel Workers: 4
 Concurrent Workers: 1
 Concurrent Refinement Workers: 4
 Periodic GC: Disabled
Heap:
 garbage-first heap   total 427008K, used 273408K [0x0000000080000000, 0x0000000100000000)
  region size 1024K, 12 young (12288K), 8 survivors (8192K)
 Metaspace       used 122471K, committed 123520K, reserved 1163264K
  class space    used 16260K, committed 16768K, reserved 1048576K
GC Heap History (20 events):
Event: 136.559 GC heap before
{Heap before GC invocations=77 (full 0):
 garbage-first heap   total 324608K, used 248894K [0x0000000080000000, 0x0000000100000000)
  region size 1024K, 63 young (64512K), 5 survivors (5120K)
 Metaspace       used 109950K, committed 110848K, reserved 1146880K
  class space    used 14727K, committed 15104K, reserved 1048576K
}
Event: 136.571 GC heap after
{Heap after GC invocations=78 (full 0):
 garbage-first heap   total 324608K, used 195248K [0x0000000080000000, 0x0000000100000000)
  region size 1024K, 8 young (8192K), 8 survivors (8192K)
 Metaspace       used 109950K, committed 110848K, reserved 1146880K
  class space    used 14727K, committed 15104K, reserved 1048576K
}
Event: 136.632 GC heap before
{Heap before GC invocations=78 (full 0):
 garbage-first heap   total 324608K, used 202416K [0x0000000080000000, 0x0000000100000000)
  region size 1024K, 15 young (15360K), 8 survivors (8192K)
 Metaspace       used 109980K, committed 110848K, reserved 1146880K
  class space    used 14728K, committed 15104K, reserved 1048576K
}
Event: 136.643 GC heap after
{Heap after GC invocations=79 (full 0):
 garbage-first heap   total 324608K, used 195888K [0x0000000080000000, 0x0000000100000000)
  region size 1024K, 1 young (1024K), 1 survivors (1024K)
 Metaspace       used 109980K, committed 110848K, reserved 1146880K
  class space    used 14728K, committed 15104K, reserved 1048576K
}
Event: 258.378 GC heap before
{Heap before GC invocations=79 (full 0):
 garbage-first heap   total 324608K, used 268592K [0x0000000080000000, 0x0000000100000000)
  region size 1024K, 72 young (73728K), 1 survivors (1024K)
 Metaspace       used 112801K, committed 113728K, reserved 1155072K
  class space    used 15081K, committed 15488K, reserved 1048576K
}
Event: 258.386 GC heap after
{Heap after GC invocations=80 (full 0):
 garbage-first heap   total 324608K, used 201575K [0x0000000080000000, 0x0000000100000000)
  region size 1024K, 7 young (7168K), 7 survivors (7168K)
 Metaspace       used 112801K, committed 113728K, reserved 1155072K
  class space    used 15081K, committed 15488K, reserved 1048576K
}
Event: 265.600 GC heap before
{Heap before GC invocations=81 (full 0):
 garbage-first heap   total 343040K, used 267111K [0x0000000080000000, 0x0000000100000000)
  region size 1024K, 72 young (73728K), 7 survivors (7168K)
 Metaspace       used 115387K, committed 116352K, reserved 1155072K
  class space    used 15421K, committed 15872K, reserved 1048576K
}
Event: 265.616 GC heap after
{Heap after GC invocations=82 (full 0):
 garbage-first heap   total 343040K, used 210344K [0x0000000080000000, 0x0000000100000000)
  region size 1024K, 9 young (9216K), 9 survivors (9216K)
 Metaspace       used 115387K, committed 116352K, reserved 1155072K
  class space    used 15421K, committed 15872K, reserved 1048576K
}
Event: 267.910 GC heap before
{Heap before GC invocations=82 (full 0):
 garbage-first heap   total 343040K, used 216488K [0x0000000080000000, 0x0000000100000000)
  region size 1024K, 16 young (16384K), 9 survivors (9216K)
 Metaspace       used 115759K, committed 116800K, reserved 1155072K
  class space    used 15504K, committed 16000K, reserved 1048576K
}
Event: 267.918 GC heap after
{Heap after GC invocations=83 (full 0):
 garbage-first heap   total 343040K, used 211993K [0x0000000080000000, 0x0000000100000000)
  region size 1024K, 2 young (2048K), 2 survivors (2048K)
 Metaspace       used 115759K, committed 116800K, reserved 1155072K
  class space    used 15504K, committed 16000K, reserved 1048576K
}
Event: 290.660 GC heap before
{Heap before GC invocations=83 (full 0):
 garbage-first heap   total 343040K, used 282649K [0x0000000080000000, 0x0000000100000000)
  region size 1024K, 72 young (73728K), 2 survivors (2048K)
 Metaspace       used 118474K, committed 119424K, reserved 1155072K
  class space    used 15853K, committed 16320K, reserved 1048576K
}
Event: 290.670 GC heap after
{Heap after GC invocations=84 (full 0):
 garbage-first heap   total 343040K, used 217265K [0x0000000080000000, 0x0000000100000000)
  region size 1024K, 7 young (7168K), 7 survivors (7168K)
 Metaspace       used 118474K, committed 119424K, reserved 1155072K
  class space    used 15853K, committed 16320K, reserved 1048576K
}
Event: 305.760 GC heap before
{Heap before GC invocations=84 (full 0):
 garbage-first heap   total 343040K, used 280753K [0x0000000080000000, 0x0000000100000000)
  region size 1024K, 71 young (72704K), 7 survivors (7168K)
 Metaspace       used 119105K, committed 120128K, reserved 1155072K
  class space    used 15875K, committed 16320K, reserved 1048576K
}
Event: 305.780 GC heap after
{Heap after GC invocations=85 (full 0):
 garbage-first heap   total 343040K, used 242688K [0x0000000080000000, 0x0000000100000000)
  region size 1024K, 10 young (10240K), 10 survivors (10240K)
 Metaspace       used 119105K, committed 120128K, reserved 1155072K
  class space    used 15875K, committed 16320K, reserved 1048576K
}
Event: 310.313 GC heap before
{Heap before GC invocations=86 (full 0):
 garbage-first heap   total 427008K, used 284672K [0x0000000080000000, 0x0000000100000000)
  region size 1024K, 42 young (43008K), 10 survivors (10240K)
 Metaspace       used 119326K, committed 120320K, reserved 1155072K
  class space    used 15900K, committed 16384K, reserved 1048576K
}
Event: 310.332 GC heap after
{Heap after GC invocations=87 (full 0):
 garbage-first heap   total 427008K, used 260096K [0x0000000080000000, 0x0000000100000000)
  region size 1024K, 6 young (6144K), 6 survivors (6144K)
 Metaspace       used 119326K, committed 120320K, reserved 1155072K
  class space    used 15900K, committed 16384K, reserved 1048576K
}
Event: 311.423 GC heap before
{Heap before GC invocations=87 (full 0):
 garbage-first heap   total 427008K, used 274432K [0x0000000080000000, 0x0000000100000000)
  region size 1024K, 20 young (20480K), 6 survivors (6144K)
 Metaspace       used 119463K, committed 120448K, reserved 1155072K
  class space    used 15912K, committed 16384K, reserved 1048576K
}
Event: 311.436 GC heap after
{Heap after GC invocations=88 (full 0):
 garbage-first heap   total 427008K, used 259237K [0x0000000080000000, 0x0000000100000000)
  region size 1024K, 2 young (2048K), 2 survivors (2048K)
 Metaspace       used 119463K, committed 120448K, reserved 1155072K
  class space    used 15912K, committed 16384K, reserved 1048576K
}
Event: 322.116 GC heap before
{Heap before GC invocations=88 (full 0):
 garbage-first heap   total 427008K, used 326821K [0x0000000080000000, 0x0000000100000000)
  region size 1024K, 61 young (62464K), 2 survivors (2048K)
 Metaspace       used 122440K, committed 123456K, reserved 1163264K
  class space    used 16260K, committed 16768K, reserved 1048576K
}
Event: 322.132 GC heap after
{Heap after GC invocations=89 (full 0):
 garbage-first heap   total 427008K, used 270336K [0x0000000080000000, 0x0000000100000000)
  region size 1024K, 8 young (8192K), 8 survivors (8192K)
 Metaspace       used 122440K, committed 123456K, reserved 1163264K
  class space    used 16260K, committed 16768K, reserved 1048576K
}

