# JRE version: OpenJDK Runtime Environment (17.0.6) (build 17.0.6+0-b2043.56-9586694)
# Java VM: OpenJDK 64-Bit Server VM (17.0.6+0-b2043.56-9586694, mixed mode, tiered, compressed oops, compressed class ptrs, g1 gc, windows-amd64)
GC Precious Log:
 CPUs: 4 total, 4 available
 Memory: 8066M
 Large Page Support: Disabled
 NUMA Support: Disabled
 Compressed Oops: Enabled (32-bit)
 Heap Region Size: 1M
 Heap Min Capacity: 8M
 Heap Initial Capacity: 128M
 Heap Max Capacity: 2G
 Pre-touch: Disabled
 Parallel Workers: 4
 Concurrent Workers: 1
 Concurrent Refinement Workers: 4
 Periodic GC: Disabled
Heap:
 garbage-first heap   total 157696K, used 96505K [0x0000000080000000, 0x0000000100000000)
  region size 1024K, 10 young (10240K), 4 survivors (4096K)
 Metaspace       used 49015K, committed 49536K, reserved 1097728K
  class space    used 6408K, committed 6656K, reserved 1048576K
GC Heap History (20 events):
Event: 3.324 GC heap before
{Heap before GC invocations=7 (full 0):
 garbage-first heap   total 71680K, used 37912K [0x0000000080000000, 0x0000000100000000)
  region size 1024K, 4 young (4096K), 3 survivors (3072K)
 Metaspace       used 29252K, committed 29632K, reserved 1081344K
  class space    used 3964K, committed 4160K, reserved 1048576K
}
Event: 3.328 GC heap after
{Heap after GC invocations=8 (full 0):
 garbage-first heap   total 86016K, used 37967K [0x0000000080000000, 0x0000000100000000)
  region size 1024K, 1 young (1024K), 1 survivors (1024K)
 Metaspace       used 29252K, committed 29632K, reserved 1081344K
  class space    used 3964K, committed 4160K, reserved 1048576K
}
Event: 3.392 GC heap before
{Heap before GC invocations=9 (full 0):
 garbage-first heap   total 86016K, used 41039K [0x0000000080000000, 0x0000000100000000)
  region size 1024K, 4 young (4096K), 1 survivors (1024K)
 Metaspace       used 29399K, committed 29760K, reserved 1081344K
  class space    used 3990K, committed 4160K, reserved 1048576K
}
Event: 3.393 GC heap after
{Heap after GC invocations=10 (full 0):
 garbage-first heap   total 86016K, used 39488K [0x0000000080000000, 0x0000000100000000)
  region size 1024K, 1 young (1024K), 1 survivors (1024K)
 Metaspace       used 29399K, committed 29760K, reserved 1081344K
  class space    used 3990K, committed 4160K, reserved 1048576K
}
Event: 3.712 GC heap before
{Heap before GC invocations=11 (full 0):
 garbage-first heap   total 94208K, used 74304K [0x0000000080000000, 0x0000000100000000)
  region size 1024K, 21 young (21504K), 1 survivors (1024K)
 Metaspace       used 32098K, committed 32448K, reserved 1081344K
  class space    used 4422K, committed 4608K, reserved 1048576K
}
Event: 3.714 GC heap after
{Heap after GC invocations=12 (full 0):
 garbage-first heap   total 94208K, used 56496K [0x0000000080000000, 0x0000000100000000)
  region size 1024K, 3 young (3072K), 3 survivors (3072K)
 Metaspace       used 32098K, committed 32448K, reserved 1081344K
  class space    used 4422K, committed 4608K, reserved 1048576K
}
Event: 4.026 GC heap before
{Heap before GC invocations=12 (full 0):
 garbage-first heap   total 94208K, used 72880K [0x0000000080000000, 0x0000000100000000)
  region size 1024K, 19 young (19456K), 3 survivors (3072K)
 Metaspace       used 34437K, committed 34880K, reserved 1081344K
  class space    used 4789K, committed 4992K, reserved 1048576K
}
Event: 4.029 GC heap after
{Heap after GC invocations=13 (full 0):
 garbage-first heap   total 94208K, used 57340K [0x0000000080000000, 0x0000000100000000)
  region size 1024K, 1 young (1024K), 1 survivors (1024K)
 Metaspace       used 34437K, committed 34880K, reserved 1081344K
  class space    used 4789K, committed 4992K, reserved 1048576K
}
Event: 4.543 GC heap before
{Heap before GC invocations=14 (full 0):
 garbage-first heap   total 99328K, used 72700K [0x0000000080000000, 0x0000000100000000)
  region size 1024K, 17 young (17408K), 1 survivors (1024K)
 Metaspace       used 39477K, committed 39872K, reserved 1089536K
  class space    used 5335K, committed 5504K, reserved 1048576K
}
Event: 4.547 GC heap after
{Heap after GC invocations=15 (full 0):
 garbage-first heap   total 99328K, used 59468K [0x0000000080000000, 0x0000000100000000)
  region size 1024K, 3 young (3072K), 3 survivors (3072K)
 Metaspace       used 39477K, committed 39872K, reserved 1089536K
  class space    used 5335K, committed 5504K, reserved 1048576K
}
Event: 4.772 GC heap before
{Heap before GC invocations=15 (full 0):
 garbage-first heap   total 99328K, used 76876K [0x0000000080000000, 0x0000000100000000)
  region size 1024K, 21 young (21504K), 3 survivors (3072K)
 Metaspace       used 41636K, committed 42112K, reserved 1089536K
  class space    used 5563K, committed 5760K, reserved 1048576K
}
Event: 4.776 GC heap after
{Heap after GC invocations=16 (full 0):
 garbage-first heap   total 99328K, used 62003K [0x0000000080000000, 0x0000000100000000)
  region size 1024K, 3 young (3072K), 3 survivors (3072K)
 Metaspace       used 41636K, committed 42112K, reserved 1089536K
  class space    used 5563K, committed 5760K, reserved 1048576K
}
Event: 4.938 GC heap before
{Heap before GC invocations=17 (full 0):
 garbage-first heap   total 114688K, used 75315K [0x0000000080000000, 0x0000000100000000)
  region size 1024K, 18 young (18432K), 3 survivors (3072K)
 Metaspace       used 42084K, committed 42496K, reserved 1089536K
  class space    used 5609K, committed 5824K, reserved 1048576K
}
Event: 4.942 GC heap after
{Heap after GC invocations=18 (full 0):
 garbage-first heap   total 114688K, used 63094K [0x0000000080000000, 0x0000000100000000)
  region size 1024K, 3 young (3072K), 3 survivors (3072K)
 Metaspace       used 42084K, committed 42496K, reserved 1089536K
  class space    used 5609K, committed 5824K, reserved 1048576K
}
Event: 5.501 GC heap before
{Heap before GC invocations=19 (full 0):
 garbage-first heap   total 116736K, used 89718K [0x0000000080000000, 0x0000000100000000)
  region size 1024K, 27 young (27648K), 3 survivors (3072K)
 Metaspace       used 46095K, committed 46464K, reserved 1089536K
  class space    used 6106K, committed 6272K, reserved 1048576K
}
Event: 5.504 GC heap after
{Heap after GC invocations=20 (full 0):
 garbage-first heap   total 116736K, used 64095K [0x0000000080000000, 0x0000000100000000)
  region size 1024K, 4 young (4096K), 4 survivors (4096K)
 Metaspace       used 46095K, committed 46464K, reserved 1089536K
  class space    used 6106K, committed 6272K, reserved 1048576K
}
Event: 5.653 GC heap before
{Heap before GC invocations=20 (full 0):
 garbage-first heap   total 116736K, used 69215K [0x0000000080000000, 0x0000000100000000)
  region size 1024K, 11 young (11264K), 4 survivors (4096K)
 Metaspace       used 46536K, committed 46976K, reserved 1089536K
  class space    used 6177K, committed 6400K, reserved 1048576K
}
Event: 5.657 GC heap after
{Heap after GC invocations=21 (full 0):
 garbage-first heap   total 116736K, used 65594K [0x0000000080000000, 0x0000000100000000)
  region size 1024K, 4 young (4096K), 4 survivors (4096K)
 Metaspace       used 46536K, committed 46976K, reserved 1089536K
  class space    used 6177K, committed 6400K, reserved 1048576K
}
Event: 5.940 GC heap before
{Heap before GC invocations=22 (full 0):
 garbage-first heap   total 142336K, used 104506K [0x0000000080000000, 0x0000000100000000)
  region size 1024K, 23 young (23552K), 4 survivors (4096K)
 Metaspace       used 47855K, committed 48320K, reserved 1097728K
  class space    used 6341K, committed 6528K, reserved 1048576K
}
Event: 5.946 GC heap after
{Heap after GC invocations=23 (full 0):
 garbage-first heap   total 142336K, used 90361K [0x0000000080000000, 0x0000000100000000)
  region size 1024K, 4 young (4096K), 4 survivors (4096K)
 Metaspace       used 47855K, committed 48320K, reserved 1097728K
  class space    used 6341K, committed 6528K, reserved 1048576K
}

