# JRE version: OpenJDK Runtime Environment (17.0.6) (build 17.0.6+0-b2043.56-9586694)
# Java VM: OpenJDK 64-Bit Server VM (17.0.6+0-b2043.56-9586694, mixed mode, tiered, compressed oops, compressed class ptrs, g1 gc, windows-amd64)
GC Precious Log:
 CPUs: 4 total, 4 available
 Memory: 8066M
 Large Page Support: Disabled
 NUMA Support: Disabled
 Compressed Oops: Enabled (32-bit)
 Heap Region Size: 1M
 Heap Min Capacity: 8M
 Heap Initial Capacity: 128M
 Heap Max Capacity: 2G
 Pre-touch: Disabled
 Parallel Workers: 4
 Concurrent Workers: 1
 Concurrent Refinement Workers: 4
 Periodic GC: Disabled
Heap:
 garbage-first heap   total 437248K, used 424638K [0x0000000080000000, 0x0000000100000000)
  region size 1024K, 2 young (2048K), 1 survivors (1024K)
 Metaspace       used 130417K, committed 131328K, reserved 1171456K
  class space    used 17522K, committed 17920K, reserved 1048576K
GC Heap History (20 events):
Event: 283.072 GC heap before
{Heap before GC invocations=83 (full 0):
 garbage-first heap   total 291840K, used 151051K [0x0000000080000000, 0x0000000100000000)
  region size 1024K, 2 young (2048K), 1 survivors (1024K)
 Metaspace       used 127081K, committed 128000K, reserved 1163264K
  class space    used 17318K, committed 17728K, reserved 1048576K
}
Event: 283.075 GC heap after
{Heap after GC invocations=84 (full 0):
 garbage-first heap   total 291840K, used 151049K [0x0000000080000000, 0x0000000100000000)
  region size 1024K, 1 young (1024K), 1 survivors (1024K)
 Metaspace       used 127081K, committed 128000K, reserved 1163264K
  class space    used 17318K, committed 17728K, reserved 1048576K
}
Event: 854.496 GC heap before
{Heap before GC invocations=85 (full 0):
 garbage-first heap   total 291840K, used 271881K [0x0000000080000000, 0x0000000100000000)
  region size 1024K, 99 young (101376K), 1 survivors (1024K)
 Metaspace       used 128522K, committed 129344K, reserved 1163264K
  class space    used 17481K, committed 17856K, reserved 1048576K
}
Event: 854.513 GC heap after
{Heap after GC invocations=86 (full 0):
 garbage-first heap   total 291840K, used 147313K [0x0000000080000000, 0x0000000100000000)
  region size 1024K, 9 young (9216K), 9 survivors (9216K)
 Metaspace       used 128522K, committed 129344K, reserved 1163264K
  class space    used 17481K, committed 17856K, reserved 1048576K
}
Event: 854.568 GC heap before
{Heap before GC invocations=86 (full 0):
 garbage-first heap   total 291840K, used 152433K [0x0000000080000000, 0x0000000100000000)
  region size 1024K, 14 young (14336K), 9 survivors (9216K)
 Metaspace       used 128532K, committed 129344K, reserved 1163264K
  class space    used 17481K, committed 17856K, reserved 1048576K
}
Event: 854.577 GC heap after
{Heap after GC invocations=87 (full 0):
 garbage-first heap   total 291840K, used 144467K [0x0000000080000000, 0x0000000100000000)
  region size 1024K, 1 young (1024K), 1 survivors (1024K)
 Metaspace       used 128532K, committed 129344K, reserved 1163264K
  class space    used 17481K, committed 17856K, reserved 1048576K
}
Event: 870.005 GC heap before
{Heap before GC invocations=87 (full 0):
 garbage-first heap   total 291840K, used 195667K [0x0000000080000000, 0x0000000100000000)
  region size 1024K, 52 young (53248K), 1 survivors (1024K)
 Metaspace       used 128788K, committed 129600K, reserved 1163264K
  class space    used 17499K, committed 17856K, reserved 1048576K
}
Event: 870.014 GC heap after
{Heap after GC invocations=88 (full 0):
 garbage-first heap   total 291840K, used 152221K [0x0000000080000000, 0x0000000100000000)
  region size 1024K, 9 young (9216K), 9 survivors (9216K)
 Metaspace       used 128788K, committed 129600K, reserved 1163264K
  class space    used 17499K, committed 17856K, reserved 1048576K
}
Event: 951.858 GC heap before
{Heap before GC invocations=89 (full 0):
 garbage-first heap   total 291840K, used 243357K [0x0000000080000000, 0x0000000100000000)
  region size 1024K, 95 young (97280K), 9 survivors (9216K)
 Metaspace       used 131359K, committed 132160K, reserved 1163264K
  class space    used 17676K, committed 18048K, reserved 1048576K
}
Event: 951.877 GC heap after
{Heap after GC invocations=90 (full 0):
 garbage-first heap   total 291840K, used 170892K [0x0000000080000000, 0x0000000100000000)
  region size 1024K, 12 young (12288K), 12 survivors (12288K)
 Metaspace       used 131359K, committed 132160K, reserved 1163264K
  class space    used 17676K, committed 18048K, reserved 1048576K
}
Event: 951.893 GC heap before
{Heap before GC invocations=90 (full 0):
 garbage-first heap   total 291840K, used 172940K [0x0000000080000000, 0x0000000100000000)
  region size 1024K, 14 young (14336K), 12 survivors (12288K)
 Metaspace       used 131362K, committed 132160K, reserved 1163264K
  class space    used 17676K, committed 18048K, reserved 1048576K
}
Event: 951.916 GC heap after
{Heap after GC invocations=91 (full 0):
 garbage-first heap   total 291840K, used 161688K [0x0000000080000000, 0x0000000100000000)
  region size 1024K, 2 young (2048K), 2 survivors (2048K)
 Metaspace       used 131362K, committed 132160K, reserved 1163264K
  class space    used 17676K, committed 18048K, reserved 1048576K
}
Event: 955.133 GC heap before
{Heap before GC invocations=91 (full 0):
 garbage-first heap   total 291840K, used 234392K [0x0000000080000000, 0x0000000100000000)
  region size 1024K, 73 young (74752K), 2 survivors (2048K)
 Metaspace       used 131781K, committed 132608K, reserved 1171456K
  class space    used 17692K, committed 18048K, reserved 1048576K
}
Event: 955.142 GC heap after
{Heap after GC invocations=92 (full 0):
 garbage-first heap   total 291840K, used 164525K [0x0000000080000000, 0x0000000100000000)
  region size 1024K, 5 young (5120K), 5 survivors (5120K)
 Metaspace       used 131781K, committed 132608K, reserved 1171456K
  class space    used 17692K, committed 18048K, reserved 1048576K
}
Event: 959.926 GC heap before
{Heap before GC invocations=93 (full 0):
 garbage-first heap   total 291840K, used 237229K [0x0000000080000000, 0x0000000100000000)
  region size 1024K, 77 young (78848K), 5 survivors (5120K)
 Metaspace       used 132661K, committed 133440K, reserved 1171456K
  class space    used 17706K, committed 18048K, reserved 1048576K
}
Event: 959.938 GC heap after
{Heap after GC invocations=94 (full 0):
 garbage-first heap   total 291840K, used 168531K [0x0000000080000000, 0x0000000100000000)
  region size 1024K, 9 young (9216K), 9 survivors (9216K)
 Metaspace       used 132661K, committed 133440K, reserved 1171456K
  class space    used 17706K, committed 18048K, reserved 1048576K
}
Event: 960.085 GC heap before
{Heap before GC invocations=94 (full 0):
 garbage-first heap   total 291840K, used 172627K [0x0000000080000000, 0x0000000100000000)
  region size 1024K, 14 young (14336K), 9 survivors (9216K)
 Metaspace       used 132684K, committed 133440K, reserved 1171456K
  class space    used 17706K, committed 18048K, reserved 1048576K
}
Event: 960.099 GC heap after
{Heap after GC invocations=95 (full 0):
 garbage-first heap   total 291840K, used 167230K [0x0000000080000000, 0x0000000100000000)
  region size 1024K, 2 young (2048K), 2 survivors (2048K)
 Metaspace       used 132684K, committed 133440K, reserved 1171456K
  class space    used 17706K, committed 18048K, reserved 1048576K
}
Event: 961.454 GC heap before
{Heap before GC invocations=95 (full 0):
 garbage-first heap   total 291840K, used 180542K [0x0000000080000000, 0x0000000100000000)
  region size 1024K, 17 young (17408K), 2 survivors (2048K)
 Metaspace       used 132837K, committed 133632K, reserved 1171456K
  class space    used 17706K, committed 18048K, reserved 1048576K
}
Event: 961.457 GC heap after
{Heap after GC invocations=96 (full 0):
 garbage-first heap   total 291840K, used 166206K [0x0000000080000000, 0x0000000100000000)
  region size 1024K, 1 young (1024K), 1 survivors (1024K)
 Metaspace       used 132837K, committed 133632K, reserved 1171456K
  class space    used 17706K, committed 18048K, reserved 1048576K
}

