# JRE version: OpenJDK Runtime Environment (17.0.6) (build 17.0.6+0-b2043.56-9586694)
# Java VM: OpenJDK 64-Bit Server VM (17.0.6+0-b2043.56-9586694, mixed mode, tiered, compressed oops, compressed class ptrs, g1 gc, windows-amd64)
GC Precious Log:
 CPUs: 4 total, 4 available
 Memory: 8066M
 Large Page Support: Disabled
 NUMA Support: Disabled
 Compressed Oops: Enabled (32-bit)
 Heap Region Size: 1M
 Heap Min Capacity: 8M
 Heap Initial Capacity: 128M
 Heap Max Capacity: 2G
 Pre-touch: Disabled
 Parallel Workers: 4
 Concurrent Workers: 1
 Concurrent Refinement Workers: 4
 Periodic GC: Disabled
Heap:
 garbage-first heap   total 111616K, used 64985K [0x0000000080000000, 0x0000000100000000)
  region size 1024K, 8 young (8192K), 3 survivors (3072K)
 Metaspace       used 74861K, committed 75456K, reserved 1114112K
  class space    used 9882K, committed 10112K, reserved 1048576K
GC Heap History (20 events):
Event: 49.065 GC heap before
{Heap before GC invocations=28 (full 0):
 garbage-first heap   total 81920K, used 58696K [0x0000000080000000, 0x0000000100000000)
  region size 1024K, 13 young (13312K), 2 survivors (2048K)
 Metaspace       used 60417K, committed 60992K, reserved 1105920K
  class space    used 7940K, committed 8192K, reserved 1048576K
}
Event: 49.069 GC heap after
{Heap after GC invocations=29 (full 0):
 garbage-first heap   total 81920K, used 49009K [0x0000000080000000, 0x0000000100000000)
  region size 1024K, 1 young (1024K), 1 survivors (1024K)
 Metaspace       used 60417K, committed 60992K, reserved 1105920K
  class space    used 7940K, committed 8192K, reserved 1048576K
}
Event: 50.004 GC heap before
{Heap before GC invocations=30 (full 0):
 garbage-first heap   total 87040K, used 60273K [0x0000000080000000, 0x0000000100000000)
  region size 1024K, 12 young (12288K), 1 survivors (1024K)
 Metaspace       used 61970K, committed 62464K, reserved 1105920K
  class space    used 8161K, committed 8384K, reserved 1048576K
}
Event: 50.006 GC heap after
{Heap after GC invocations=31 (full 0):
 garbage-first heap   total 87040K, used 49347K [0x0000000080000000, 0x0000000100000000)
  region size 1024K, 1 young (1024K), 1 survivors (1024K)
 Metaspace       used 61970K, committed 62464K, reserved 1105920K
  class space    used 8161K, committed 8384K, reserved 1048576K
}
Event: 50.261 GC heap before
{Heap before GC invocations=31 (full 0):
 garbage-first heap   total 87040K, used 51395K [0x0000000080000000, 0x0000000100000000)
  region size 1024K, 4 young (4096K), 1 survivors (1024K)
 Metaspace       used 62395K, committed 62912K, reserved 1105920K
  class space    used 8210K, committed 8448K, reserved 1048576K
}
Event: 50.264 GC heap after
{Heap after GC invocations=32 (full 0):
 garbage-first heap   total 87040K, used 48958K [0x0000000080000000, 0x0000000100000000)
  region size 1024K, 1 young (1024K), 1 survivors (1024K)
 Metaspace       used 62395K, committed 62912K, reserved 1105920K
  class space    used 8210K, committed 8448K, reserved 1048576K
}
Event: 51.841 GC heap before
{Heap before GC invocations=32 (full 0):
 garbage-first heap   total 87040K, used 63294K [0x0000000080000000, 0x0000000100000000)
  region size 1024K, 16 young (16384K), 1 survivors (1024K)
 Metaspace       used 65131K, committed 65600K, reserved 1105920K
  class space    used 8547K, committed 8768K, reserved 1048576K
}
Event: 51.844 GC heap after
{Heap after GC invocations=33 (full 0):
 garbage-first heap   total 87040K, used 49426K [0x0000000080000000, 0x0000000100000000)
  region size 1024K, 2 young (2048K), 2 survivors (2048K)
 Metaspace       used 65131K, committed 65600K, reserved 1105920K
  class space    used 8547K, committed 8768K, reserved 1048576K
}
Event: 53.032 GC heap before
{Heap before GC invocations=34 (full 0):
 garbage-first heap   total 87040K, used 65810K [0x0000000080000000, 0x0000000100000000)
  region size 1024K, 18 young (18432K), 2 survivors (2048K)
 Metaspace       used 67795K, committed 68416K, reserved 1114112K
  class space    used 8938K, committed 9216K, reserved 1048576K
}
Event: 53.035 GC heap after
{Heap after GC invocations=35 (full 0):
 garbage-first heap   total 87040K, used 50302K [0x0000000080000000, 0x0000000100000000)
  region size 1024K, 2 young (2048K), 2 survivors (2048K)
 Metaspace       used 67795K, committed 68416K, reserved 1114112K
  class space    used 8938K, committed 9216K, reserved 1048576K
}
Event: 53.287 GC heap before
{Heap before GC invocations=35 (full 0):
 garbage-first heap   total 87040K, used 55422K [0x0000000080000000, 0x0000000100000000)
  region size 1024K, 9 young (9216K), 2 survivors (2048K)
 Metaspace       used 68428K, committed 68992K, reserved 1114112K
  class space    used 9019K, committed 9280K, reserved 1048576K
}
Event: 53.290 GC heap after
{Heap after GC invocations=36 (full 0):
 garbage-first heap   total 87040K, used 51623K [0x0000000080000000, 0x0000000100000000)
  region size 1024K, 3 young (3072K), 3 survivors (3072K)
 Metaspace       used 68428K, committed 68992K, reserved 1114112K
  class space    used 9019K, committed 9280K, reserved 1048576K
}
Event: 53.549 GC heap before
{Heap before GC invocations=37 (full 0):
 garbage-first heap   total 111616K, used 74151K [0x0000000080000000, 0x0000000100000000)
  region size 1024K, 19 young (19456K), 3 survivors (3072K)
 Metaspace       used 68966K, committed 69504K, reserved 1114112K
  class space    used 9114K, committed 9344K, reserved 1048576K
}
Event: 53.554 GC heap after
{Heap after GC invocations=38 (full 0):
 garbage-first heap   total 111616K, used 53357K [0x0000000080000000, 0x0000000100000000)
  region size 1024K, 3 young (3072K), 3 survivors (3072K)
 Metaspace       used 68966K, committed 69504K, reserved 1114112K
  class space    used 9114K, committed 9344K, reserved 1048576K
}
Event: 54.226 GC heap before
{Heap before GC invocations=38 (full 0):
 garbage-first heap   total 111616K, used 81005K [0x0000000080000000, 0x0000000100000000)
  region size 1024K, 30 young (30720K), 3 survivors (3072K)
 Metaspace       used 71441K, committed 72000K, reserved 1114112K
  class space    used 9416K, committed 9664K, reserved 1048576K
}
Event: 54.231 GC heap after
{Heap after GC invocations=39 (full 0):
 garbage-first heap   total 111616K, used 55592K [0x0000000080000000, 0x0000000100000000)
  region size 1024K, 3 young (3072K), 3 survivors (3072K)
 Metaspace       used 71441K, committed 72000K, reserved 1114112K
  class space    used 9416K, committed 9664K, reserved 1048576K
}
Event: 54.572 GC heap before
{Heap before GC invocations=40 (full 0):
 garbage-first heap   total 111616K, used 61736K [0x0000000080000000, 0x0000000100000000)
  region size 1024K, 10 young (10240K), 3 survivors (3072K)
 Metaspace       used 72092K, committed 72640K, reserved 1114112K
  class space    used 9474K, committed 9728K, reserved 1048576K
}
Event: 54.575 GC heap after
{Heap after GC invocations=41 (full 0):
 garbage-first heap   total 111616K, used 56297K [0x0000000080000000, 0x0000000100000000)
  region size 1024K, 1 young (1024K), 1 survivors (1024K)
 Metaspace       used 72092K, committed 72640K, reserved 1114112K
  class space    used 9474K, committed 9728K, reserved 1048576K
}
Event: 55.277 GC heap before
{Heap before GC invocations=42 (full 0):
 garbage-first heap   total 111616K, used 87017K [0x0000000080000000, 0x0000000100000000)
  region size 1024K, 30 young (30720K), 1 survivors (1024K)
 Metaspace       used 73117K, committed 73728K, reserved 1114112K
  class space    used 9641K, committed 9920K, reserved 1048576K
}
Event: 55.281 GC heap after
{Heap after GC invocations=43 (full 0):
 garbage-first heap   total 111616K, used 58062K [0x0000000080000000, 0x0000000100000000)
  region size 1024K, 3 young (3072K), 3 survivors (3072K)
 Metaspace       used 73117K, committed 73728K, reserved 1114112K
  class space    used 9641K, committed 9920K, reserved 1048576K
}

