# JRE version: OpenJDK Runtime Environment (17.0.6) (build 17.0.6+0-b2043.56-9586694)
# Java VM: OpenJDK 64-Bit Server VM (17.0.6+0-b2043.56-9586694, mixed mode, tiered, compressed oops, compressed class ptrs, g1 gc, windows-amd64)
GC Precious Log:
 CPUs: 4 total, 4 available
 Memory: 8066M
 Large Page Support: Disabled
 NUMA Support: Disabled
 Compressed Oops: Enabled (32-bit)
 Heap Region Size: 1M
 Heap Min Capacity: 8M
 Heap Initial Capacity: 128M
 Heap Max Capacity: 2G
 Pre-touch: Disabled
 Parallel Workers: 4
 Concurrent Workers: 1
 Concurrent Refinement Workers: 4
 Periodic GC: Disabled
Heap:
 garbage-first heap   total 138240K, used 90019K [0x0000000080000000, 0x0000000100000000)
  region size 1024K, 4 young (4096K), 4 survivors (4096K)
 Metaspace       used 47843K, committed 48320K, reserved 1097728K
  class space    used 6346K, committed 6528K, reserved 1048576K
GC Heap History (20 events):
Event: 3.528 GC heap after
{Heap after GC invocations=6 (full 0):
 garbage-first heap   total 68608K, used 20879K [0x0000000080000000, 0x0000000100000000)
  region size 1024K, 3 young (3072K), 3 survivors (3072K)
 Metaspace       used 26319K, committed 26624K, reserved 1073152K
  class space    used 3451K, committed 3584K, reserved 1048576K
}
Event: 3.886 GC heap before
{Heap before GC invocations=6 (full 0):
 garbage-first heap   total 68608K, used 50575K [0x0000000080000000, 0x0000000100000000)
  region size 1024K, 24 young (24576K), 3 survivors (3072K)
 Metaspace       used 29344K, committed 29696K, reserved 1081344K
  class space    used 3981K, committed 4160K, reserved 1048576K
}
Event: 3.890 GC heap after
{Heap after GC invocations=7 (full 0):
 garbage-first heap   total 68608K, used 35390K [0x0000000080000000, 0x0000000100000000)
  region size 1024K, 4 young (4096K), 4 survivors (4096K)
 Metaspace       used 29344K, committed 29696K, reserved 1081344K
  class space    used 3981K, committed 4160K, reserved 1048576K
}
Event: 3.921 GC heap before
{Heap before GC invocations=8 (full 0):
 garbage-first heap   total 81920K, used 47678K [0x0000000080000000, 0x0000000100000000)
  region size 1024K, 5 young (5120K), 4 survivors (4096K)
 Metaspace       used 29347K, committed 29696K, reserved 1081344K
  class space    used 3981K, committed 4160K, reserved 1048576K
}
Event: 3.923 GC heap after
{Heap after GC invocations=9 (full 0):
 garbage-first heap   total 81920K, used 48402K [0x0000000080000000, 0x0000000100000000)
  region size 1024K, 1 young (1024K), 1 survivors (1024K)
 Metaspace       used 29347K, committed 29696K, reserved 1081344K
  class space    used 3981K, committed 4160K, reserved 1048576K
}
Event: 4.202 GC heap before
{Heap before GC invocations=10 (full 0):
 garbage-first heap   total 97280K, used 68882K [0x0000000080000000, 0x0000000100000000)
  region size 1024K, 15 young (15360K), 1 survivors (1024K)
 Metaspace       used 31298K, committed 31680K, reserved 1081344K
  class space    used 4302K, committed 4480K, reserved 1048576K
}
Event: 4.205 GC heap after
{Heap after GC invocations=11 (full 0):
 garbage-first heap   total 97280K, used 55972K [0x0000000080000000, 0x0000000100000000)
  region size 1024K, 1 young (1024K), 1 survivors (1024K)
 Metaspace       used 31298K, committed 31680K, reserved 1081344K
  class space    used 4302K, committed 4480K, reserved 1048576K
}
Event: 4.517 GC heap before
{Heap before GC invocations=11 (full 0):
 garbage-first heap   total 97280K, used 74404K [0x0000000080000000, 0x0000000100000000)
  region size 1024K, 20 young (20480K), 1 survivors (1024K)
 Metaspace       used 33961K, committed 34304K, reserved 1081344K
  class space    used 4730K, committed 4928K, reserved 1048576K
}
Event: 4.519 GC heap after
{Heap after GC invocations=12 (full 0):
 garbage-first heap   total 97280K, used 57038K [0x0000000080000000, 0x0000000100000000)
  region size 1024K, 2 young (2048K), 2 survivors (2048K)
 Metaspace       used 33961K, committed 34304K, reserved 1081344K
  class space    used 4730K, committed 4928K, reserved 1048576K
}
Event: 4.883 GC heap before
{Heap before GC invocations=13 (full 0):
 garbage-first heap   total 101376K, used 77518K [0x0000000080000000, 0x0000000100000000)
  region size 1024K, 22 young (22528K), 2 survivors (2048K)
 Metaspace       used 39782K, committed 40128K, reserved 1089536K
  class space    used 5377K, committed 5504K, reserved 1048576K
}
Event: 4.888 GC heap after
{Heap after GC invocations=14 (full 0):
 garbage-first heap   total 101376K, used 59090K [0x0000000080000000, 0x0000000100000000)
  region size 1024K, 3 young (3072K), 3 survivors (3072K)
 Metaspace       used 39782K, committed 40128K, reserved 1089536K
  class space    used 5377K, committed 5504K, reserved 1048576K
}
Event: 5.095 GC heap before
{Heap before GC invocations=14 (full 0):
 garbage-first heap   total 101376K, used 80594K [0x0000000080000000, 0x0000000100000000)
  region size 1024K, 25 young (25600K), 3 survivors (3072K)
 Metaspace       used 41610K, committed 41984K, reserved 1089536K
  class space    used 5566K, committed 5760K, reserved 1048576K
}
Event: 5.101 GC heap after
{Heap after GC invocations=15 (full 0):
 garbage-first heap   total 101376K, used 62611K [0x0000000080000000, 0x0000000100000000)
  region size 1024K, 4 young (4096K), 4 survivors (4096K)
 Metaspace       used 41610K, committed 41984K, reserved 1089536K
  class space    used 5566K, committed 5760K, reserved 1048576K
}
Event: 5.223 GC heap before
{Heap before GC invocations=16 (full 0):
 garbage-first heap   total 111616K, used 69779K [0x0000000080000000, 0x0000000100000000)
  region size 1024K, 13 young (13312K), 4 survivors (4096K)
 Metaspace       used 42052K, committed 42432K, reserved 1089536K
  class space    used 5612K, committed 5824K, reserved 1048576K
}
Event: 5.227 GC heap after
{Heap after GC invocations=17 (full 0):
 garbage-first heap   total 111616K, used 62789K [0x0000000080000000, 0x0000000100000000)
  region size 1024K, 2 young (2048K), 2 survivors (2048K)
 Metaspace       used 42052K, committed 42432K, reserved 1089536K
  class space    used 5612K, committed 5824K, reserved 1048576K
}
Event: 5.690 GC heap before
{Heap before GC invocations=18 (full 0):
 garbage-first heap   total 112640K, used 91461K [0x0000000080000000, 0x0000000100000000)
  region size 1024K, 27 young (27648K), 2 survivors (2048K)
 Metaspace       used 46199K, committed 46656K, reserved 1089536K
  class space    used 6131K, committed 6336K, reserved 1048576K
}
Event: 5.694 GC heap after
{Heap after GC invocations=19 (full 0):
 garbage-first heap   total 112640K, used 63676K [0x0000000080000000, 0x0000000100000000)
  region size 1024K, 3 young (3072K), 3 survivors (3072K)
 Metaspace       used 46199K, committed 46656K, reserved 1089536K
  class space    used 6131K, committed 6336K, reserved 1048576K
}
Event: 5.822 GC heap before
{Heap before GC invocations=19 (full 0):
 garbage-first heap   total 112640K, used 67772K [0x0000000080000000, 0x0000000100000000)
  region size 1024K, 9 young (9216K), 3 survivors (3072K)
 Metaspace       used 46518K, committed 46976K, reserved 1097728K
  class space    used 6181K, committed 6400K, reserved 1048576K
}
Event: 5.826 GC heap after
{Heap after GC invocations=20 (full 0):
 garbage-first heap   total 112640K, used 65094K [0x0000000080000000, 0x0000000100000000)
  region size 1024K, 3 young (3072K), 3 survivors (3072K)
 Metaspace       used 46518K, committed 46976K, reserved 1097728K
  class space    used 6181K, committed 6400K, reserved 1048576K
}
Event: 6.099 GC heap before
{Heap before GC invocations=21 (full 0):
 garbage-first heap   total 138240K, used 104006K [0x0000000080000000, 0x0000000100000000)
  region size 1024K, 22 young (22528K), 3 survivors (3072K)
 Metaspace       used 47843K, committed 48320K, reserved 1097728K
  class space    used 6346K, committed 6528K, reserved 1048576K
}

