# JRE version: OpenJDK Runtime Environment (17.0.6) (build 17.0.6+0-b2043.56-9586694)
# Java VM: OpenJDK 64-Bit Server VM (17.0.6+0-b2043.56-9586694, mixed mode, tiered, compressed oops, compressed class ptrs, g1 gc, windows-amd64)
GC Precious Log:
 CPUs: 4 total, 4 available
 Memory: 8066M
 Large Page Support: Disabled
 NUMA Support: Disabled
 Compressed Oops: Enabled (32-bit)
 Heap Region Size: 1M
 Heap Min Capacity: 8M
 Heap Initial Capacity: 128M
 Heap Max Capacity: 2G
 Pre-touch: Disabled
 Parallel Workers: 4
 Concurrent Workers: 1
 Concurrent Refinement Workers: 4
 Periodic GC: Disabled
Heap:
 garbage-first heap   total 317440K, used 135700K [0x0000000080000000, 0x0000000100000000)
  region size 1024K, 25 young (25600K), 10 survivors (10240K)
 Metaspace       used 69858K, committed 70528K, reserved 1114112K
  class space    used 9279K, committed 9600K, reserved 1048576K
GC Heap History (20 events):
Event: 8.160 GC heap before
{Heap before GC invocations=14 (full 0):
 garbage-first heap   total 111616K, used 86654K [0x0000000080000000, 0x0000000100000000)
  region size 1024K, 32 young (32768K), 2 survivors (2048K)
 Metaspace       used 41656K, committed 42048K, reserved 1089536K
  class space    used 5563K, committed 5760K, reserved 1048576K
}
Event: 8.167 GC heap after
{Heap after GC invocations=15 (full 0):
 garbage-first heap   total 111616K, used 60282K [0x0000000080000000, 0x0000000100000000)
  region size 1024K, 4 young (4096K), 4 survivors (4096K)
 Metaspace       used 41656K, committed 42048K, reserved 1089536K
  class space    used 5563K, committed 5760K, reserved 1048576K
}
Event: 8.169 GC heap before
{Heap before GC invocations=15 (full 0):
 garbage-first heap   total 111616K, used 61306K [0x0000000080000000, 0x0000000100000000)
  region size 1024K, 5 young (5120K), 4 survivors (4096K)
 Metaspace       used 41656K, committed 42048K, reserved 1089536K
  class space    used 5563K, committed 5760K, reserved 1048576K
}
Event: 8.176 GC heap after
{Heap after GC invocations=16 (full 0):
 garbage-first heap   total 111616K, used 60613K [0x0000000080000000, 0x0000000100000000)
  region size 1024K, 1 young (1024K), 1 survivors (1024K)
 Metaspace       used 41656K, committed 42048K, reserved 1089536K
  class space    used 5563K, committed 5760K, reserved 1048576K
}
Event: 8.291 GC heap before
{Heap before GC invocations=16 (full 0):
 garbage-first heap   total 111616K, used 70853K [0x0000000080000000, 0x0000000100000000)
  region size 1024K, 11 young (11264K), 1 survivors (1024K)
 Metaspace       used 42128K, committed 42560K, reserved 1089536K
  class space    used 5609K, committed 5824K, reserved 1048576K
}
Event: 8.293 GC heap after
{Heap after GC invocations=17 (full 0):
 garbage-first heap   total 111616K, used 62609K [0x0000000080000000, 0x0000000100000000)
  region size 1024K, 2 young (2048K), 2 survivors (2048K)
 Metaspace       used 42128K, committed 42560K, reserved 1089536K
  class space    used 5609K, committed 5824K, reserved 1048576K
}
Event: 8.934 GC heap before
{Heap before GC invocations=17 (full 0):
 garbage-first heap   total 111616K, used 89233K [0x0000000080000000, 0x0000000100000000)
  region size 1024K, 27 young (27648K), 2 survivors (2048K)
 Metaspace       used 45939K, committed 46272K, reserved 1089536K
  class space    used 6098K, committed 6272K, reserved 1048576K
}
Event: 8.938 GC heap after
{Heap after GC invocations=18 (full 0):
 garbage-first heap   total 111616K, used 63245K [0x0000000080000000, 0x0000000100000000)
  region size 1024K, 4 young (4096K), 4 survivors (4096K)
 Metaspace       used 45939K, committed 46272K, reserved 1089536K
  class space    used 6098K, committed 6272K, reserved 1048576K
}
Event: 9.085 GC heap before
{Heap before GC invocations=18 (full 0):
 garbage-first heap   total 111616K, used 66317K [0x0000000080000000, 0x0000000100000000)
  region size 1024K, 8 young (8192K), 4 survivors (4096K)
 Metaspace       used 46069K, committed 46528K, reserved 1089536K
  class space    used 6116K, committed 6336K, reserved 1048576K
}
Event: 9.089 GC heap after
{Heap after GC invocations=19 (full 0):
 garbage-first heap   total 111616K, used 64640K [0x0000000080000000, 0x0000000100000000)
  region size 1024K, 3 young (3072K), 3 survivors (3072K)
 Metaspace       used 46069K, committed 46528K, reserved 1089536K
  class space    used 6116K, committed 6336K, reserved 1048576K
}
Event: 9.773 GC heap before
{Heap before GC invocations=20 (full 0):
 garbage-first heap   total 130048K, used 107648K [0x0000000080000000, 0x0000000100000000)
  region size 1024K, 24 young (24576K), 3 survivors (3072K)
 Metaspace       used 48320K, committed 48768K, reserved 1097728K
  class space    used 6310K, committed 6528K, reserved 1048576K
}
Event: 9.777 GC heap after
{Heap after GC invocations=21 (full 0):
 garbage-first heap   total 130048K, used 89407K [0x0000000080000000, 0x0000000100000000)
  region size 1024K, 3 young (3072K), 3 survivors (3072K)
 Metaspace       used 48320K, committed 48768K, reserved 1097728K
  class space    used 6310K, committed 6528K, reserved 1048576K
}
Event: 9.837 GC heap before
{Heap before GC invocations=21 (full 0):
 garbage-first heap   total 130048K, used 92479K [0x0000000080000000, 0x0000000100000000)
  region size 1024K, 6 young (6144K), 3 survivors (3072K)
 Metaspace       used 48531K, committed 49088K, reserved 1097728K
  class space    used 6346K, committed 6592K, reserved 1048576K
}
Event: 9.842 GC heap after
{Heap after GC invocations=22 (full 0):
 garbage-first heap   total 130048K, used 89654K [0x0000000080000000, 0x0000000100000000)
  region size 1024K, 1 young (1024K), 1 survivors (1024K)
 Metaspace       used 48531K, committed 49088K, reserved 1097728K
  class space    used 6346K, committed 6592K, reserved 1048576K
}
Event: 10.024 GC heap before
{Heap before GC invocations=22 (full 0):
 garbage-first heap   total 130048K, used 108086K [0x0000000080000000, 0x0000000100000000)
  region size 1024K, 19 young (19456K), 1 survivors (1024K)
 Metaspace       used 49388K, committed 49920K, reserved 1097728K
  class space    used 6498K, committed 6720K, reserved 1048576K
}
Event: 10.028 GC heap after
{Heap after GC invocations=23 (full 0):
 garbage-first heap   total 322560K, used 91444K [0x0000000080000000, 0x0000000100000000)
  region size 1024K, 3 young (3072K), 3 survivors (3072K)
 Metaspace       used 49388K, committed 49920K, reserved 1097728K
  class space    used 6498K, committed 6720K, reserved 1048576K
}
Event: 11.968 GC heap before
{Heap before GC invocations=24 (full 0):
 garbage-first heap   total 317440K, used 207156K [0x0000000080000000, 0x0000000100000000)
  region size 1024K, 106 young (108544K), 3 survivors (3072K)
 Metaspace       used 58308K, committed 58944K, reserved 1105920K
  class space    used 7789K, committed 8064K, reserved 1048576K
}
Event: 11.978 GC heap after
{Heap after GC invocations=25 (full 0):
 garbage-first heap   total 317440K, used 111260K [0x0000000080000000, 0x0000000100000000)
  region size 1024K, 13 young (13312K), 13 survivors (13312K)
 Metaspace       used 58308K, committed 58944K, reserved 1105920K
  class space    used 7789K, committed 8064K, reserved 1048576K
}
Event: 13.475 GC heap before
{Heap before GC invocations=25 (full 0):
 garbage-first heap   total 317440K, used 243356K [0x0000000080000000, 0x0000000100000000)
  region size 1024K, 135 young (138240K), 13 survivors (13312K)
 Metaspace       used 69718K, committed 70400K, reserved 1114112K
  class space    used 9266K, committed 9600K, reserved 1048576K
}
Event: 13.493 GC heap after
{Heap after GC invocations=26 (full 0):
 garbage-first heap   total 317440K, used 121364K [0x0000000080000000, 0x0000000100000000)
  region size 1024K, 10 young (10240K), 10 survivors (10240K)
 Metaspace       used 69718K, committed 70400K, reserved 1114112K
  class space    used 9266K, committed 9600K, reserved 1048576K
}

