# JRE version: OpenJDK Runtime Environment (17.0.6) (build 17.0.6+0-b2043.56-9586694)
# Java VM: OpenJDK 64-Bit Server VM (17.0.6+0-b2043.56-9586694, mixed mode, tiered, compressed oops, compressed class ptrs, g1 gc, windows-amd64)
GC Precious Log:
 CPUs: 4 total, 4 available
 Memory: 8066M
 Large Page Support: Disabled
 NUMA Support: Disabled
 Compressed Oops: Enabled (32-bit)
 Heap Region Size: 1M
 Heap Min Capacity: 8M
 Heap Initial Capacity: 128M
 Heap Max Capacity: 2G
 Pre-touch: Disabled
 Parallel Workers: 4
 Concurrent Workers: 1
 Concurrent Refinement Workers: 4
 Periodic GC: Disabled
Heap:
 garbage-first heap   total 152576K, used 89943K [0x0000000080000000, 0x0000000100000000)
  region size 1024K, 5 young (5120K), 2 survivors (2048K)
 Metaspace       used 46716K, committed 47168K, reserved 1097728K
  class space    used 6211K, committed 6400K, reserved 1048576K
GC Heap History (20 events):
Event: 2.703 GC heap before
{Heap before GC invocations=5 (full 0):
 garbage-first heap   total 71680K, used 51806K [0x0000000080000000, 0x0000000100000000)
  region size 1024K, 42 young (43008K), 9 survivors (9216K)
 Metaspace       used 26454K, committed 26752K, reserved 1073152K
  class space    used 3486K, committed 3648K, reserved 1048576K
}
Event: 2.710 GC heap after
{Heap after GC invocations=6 (full 0):
 garbage-first heap   total 71680K, used 20975K [0x0000000080000000, 0x0000000100000000)
  region size 1024K, 3 young (3072K), 3 survivors (3072K)
 Metaspace       used 26454K, committed 26752K, reserved 1073152K
  class space    used 3486K, committed 3648K, reserved 1048576K
}
Event: 3.096 GC heap before
{Heap before GC invocations=6 (full 0):
 garbage-first heap   total 71680K, used 48623K [0x0000000080000000, 0x0000000100000000)
  region size 1024K, 22 young (22528K), 3 survivors (3072K)
 Metaspace       used 29282K, committed 29696K, reserved 1081344K
  class space    used 3967K, committed 4160K, reserved 1048576K
}
Event: 3.100 GC heap after
{Heap after GC invocations=7 (full 0):
 garbage-first heap   total 71680K, used 34912K [0x0000000080000000, 0x0000000100000000)
  region size 1024K, 4 young (4096K), 4 survivors (4096K)
 Metaspace       used 29282K, committed 29696K, reserved 1081344K
  class space    used 3967K, committed 4160K, reserved 1048576K
}
Event: 3.111 GC heap before
{Heap before GC invocations=7 (full 0):
 garbage-first heap   total 71680K, used 45152K [0x0000000080000000, 0x0000000100000000)
  region size 1024K, 5 young (5120K), 4 survivors (4096K)
 Metaspace       used 29284K, committed 29696K, reserved 1081344K
  class space    used 3967K, committed 4160K, reserved 1048576K
}
Event: 3.114 GC heap after
{Heap after GC invocations=8 (full 0):
 garbage-first heap   total 71680K, used 45082K [0x0000000080000000, 0x0000000100000000)
  region size 1024K, 1 young (1024K), 1 survivors (1024K)
 Metaspace       used 29284K, committed 29696K, reserved 1081344K
  class space    used 3967K, committed 4160K, reserved 1048576K
}
Event: 3.301 GC heap before
{Heap before GC invocations=9 (full 0):
 garbage-first heap   total 94208K, used 64538K [0x0000000080000000, 0x0000000100000000)
  region size 1024K, 12 young (12288K), 1 survivors (1024K)
 Metaspace       used 30657K, committed 31040K, reserved 1081344K
  class space    used 4178K, committed 4352K, reserved 1048576K
}
Event: 3.303 GC heap after
{Heap after GC invocations=10 (full 0):
 garbage-first heap   total 94208K, used 56083K [0x0000000080000000, 0x0000000100000000)
  region size 1024K, 2 young (2048K), 2 survivors (2048K)
 Metaspace       used 30657K, committed 31040K, reserved 1081344K
  class space    used 4178K, committed 4352K, reserved 1048576K
}
Event: 3.594 GC heap before
{Heap before GC invocations=10 (full 0):
 garbage-first heap   total 94208K, used 72467K [0x0000000080000000, 0x0000000100000000)
  region size 1024K, 18 young (18432K), 2 survivors (2048K)
 Metaspace       used 32856K, committed 33280K, reserved 1081344K
  class space    used 4548K, committed 4736K, reserved 1048576K
}
Event: 3.596 GC heap after
{Heap after GC invocations=11 (full 0):
 garbage-first heap   total 113664K, used 57111K [0x0000000080000000, 0x0000000100000000)
  region size 1024K, 1 young (1024K), 1 survivors (1024K)
 Metaspace       used 32856K, committed 33280K, reserved 1081344K
  class space    used 4548K, committed 4736K, reserved 1048576K
}
Event: 4.159 GC heap before
{Heap before GC invocations=12 (full 0):
 garbage-first heap   total 113664K, used 86807K [0x0000000080000000, 0x0000000100000000)
  region size 1024K, 30 young (30720K), 1 survivors (1024K)
 Metaspace       used 40072K, committed 40384K, reserved 1089536K
  class space    used 5414K, committed 5568K, reserved 1048576K
}
Event: 4.165 GC heap after
{Heap after GC invocations=13 (full 0):
 garbage-first heap   total 113664K, used 59915K [0x0000000080000000, 0x0000000100000000)
  region size 1024K, 4 young (4096K), 4 survivors (4096K)
 Metaspace       used 40072K, committed 40384K, reserved 1089536K
  class space    used 5414K, committed 5568K, reserved 1048576K
}
Event: 4.473 GC heap before
{Heap before GC invocations=13 (full 0):
 garbage-first heap   total 113664K, used 88587K [0x0000000080000000, 0x0000000100000000)
  region size 1024K, 32 young (32768K), 4 survivors (4096K)
 Metaspace       used 41983K, committed 42432K, reserved 1089536K
  class space    used 5605K, committed 5824K, reserved 1048576K
}
Event: 4.480 GC heap after
{Heap after GC invocations=14 (full 0):
 garbage-first heap   total 113664K, used 62867K [0x0000000080000000, 0x0000000100000000)
  region size 1024K, 3 young (3072K), 3 survivors (3072K)
 Metaspace       used 41983K, committed 42432K, reserved 1089536K
  class space    used 5605K, committed 5824K, reserved 1048576K
}
Event: 4.972 GC heap before
{Heap before GC invocations=15 (full 0):
 garbage-first heap   total 113664K, used 91539K [0x0000000080000000, 0x0000000100000000)
  region size 1024K, 29 young (29696K), 3 survivors (3072K)
 Metaspace       used 46098K, committed 46464K, reserved 1089536K
  class space    used 6110K, committed 6272K, reserved 1048576K
}
Event: 4.976 GC heap after
{Heap after GC invocations=16 (full 0):
 garbage-first heap   total 113664K, used 64392K [0x0000000080000000, 0x0000000100000000)
  region size 1024K, 2 young (2048K), 2 survivors (2048K)
 Metaspace       used 46098K, committed 46464K, reserved 1089536K
  class space    used 6110K, committed 6272K, reserved 1048576K
}
Event: 5.146 GC heap before
{Heap before GC invocations=16 (full 0):
 garbage-first heap   total 113664K, used 69512K [0x0000000080000000, 0x0000000100000000)
  region size 1024K, 9 young (9216K), 2 survivors (2048K)
 Metaspace       used 46533K, committed 47040K, reserved 1097728K
  class space    used 6180K, committed 6400K, reserved 1048576K
}
Event: 5.151 GC heap after
{Heap after GC invocations=17 (full 0):
 garbage-first heap   total 113664K, used 65878K [0x0000000080000000, 0x0000000100000000)
  region size 1024K, 4 young (4096K), 4 survivors (4096K)
 Metaspace       used 46533K, committed 47040K, reserved 1097728K
  class space    used 6180K, committed 6400K, reserved 1048576K
}
Event: 5.208 GC heap before
{Heap before GC invocations=18 (full 0):
 garbage-first heap   total 137216K, used 82262K [0x0000000080000000, 0x0000000100000000)
  region size 1024K, 5 young (5120K), 4 survivors (4096K)
 Metaspace       used 46533K, committed 47040K, reserved 1097728K
  class space    used 6180K, committed 6400K, reserved 1048576K
}
Event: 5.211 GC heap after
{Heap after GC invocations=19 (full 0):
 garbage-first heap   total 137216K, used 82775K [0x0000000080000000, 0x0000000100000000)
  region size 1024K, 2 young (2048K), 2 survivors (2048K)
 Metaspace       used 46533K, committed 47040K, reserved 1097728K
  class space    used 6180K, committed 6400K, reserved 1048576K
}

